19:59:34.683 [Worker-18] ERROR org.coocox.codb.common.log.ErrorLog - extraChecked  api exception!Connection refused: connect
Connection refused: connect
java.net.PlainSocketImpl.socketConnect(Native Method)
java.net.PlainSocketImpl.doConnect(Unknown Source)
java.net.PlainSocketImpl.connectToAddress(Unknown Source)
java.net.PlainSocketImpl.connect(Unknown Source)
java.net.SocksSocketImpl.connect(Unknown Source)
java.net.Socket.connect(Unknown Source)
java.net.Socket.connect(Unknown Source)
sun.net.NetworkClient.doConnect(Unknown Source)
sun.net.www.http.HttpClient.openServer(Unknown Source)
sun.net.www.http.HttpClient.openServer(Unknown Source)
sun.net.www.http.HttpClient.<init>(Unknown Source)
sun.net.www.http.HttpClient.New(Unknown Source)
sun.net.www.http.HttpClient.New(Unknown Source)
sun.net.www.protocol.http.HttpURLConnection.getNewHttpClient(Unknown Source)
sun.net.www.protocol.http.HttpURLConnection.plainConnect(Unknown Source)
sun.net.www.protocol.http.HttpURLConnection.connect(Unknown Source)
sun.net.www.protocol.http.HttpURLConnection.getOutputStream(Unknown Source)
org.coocox.codb.common.util.URLConnUtil.doPut(URLConnUtil.java:147)
org.coocox.codb.client.core.api.impl.ObjectExtraApiImpl.extraChecked(ObjectExtraApiImpl.java:57)
org.coocox.component.internal.core.database.ComponentDBCmdHandler.countCheckedComponent(ComponentDBCmdHandler.java:133)
org.coocox.integrate.component.table.listeners.ComponentItemCheckListener$1.run(ComponentItemCheckListener.java:224)
org.eclipse.core.internal.jobs.Worker.run(Worker.java:54)


19:59:46.193 [Worker-21] ERROR org.coocox.codb.common.log.ErrorLog - extraChecked  api exception!Connection refused: connect
Connection refused: connect
java.net.PlainSocketImpl.socketConnect(Native Method)
java.net.PlainSocketImpl.doConnect(Unknown Source)
java.net.PlainSocketImpl.connectToAddress(Unknown Source)
java.net.PlainSocketImpl.connect(Unknown Source)
java.net.SocksSocketImpl.connect(Unknown Source)
java.net.Socket.connect(Unknown Source)
java.net.Socket.connect(Unknown Source)
sun.net.NetworkClient.doConnect(Unknown Source)
sun.net.www.http.HttpClient.openServer(Unknown Source)
sun.net.www.http.HttpClient.openServer(Unknown Source)
sun.net.www.http.HttpClient.<init>(Unknown Source)
sun.net.www.http.HttpClient.New(Unknown Source)
sun.net.www.http.HttpClient.New(Unknown Source)
sun.net.www.protocol.http.HttpURLConnection.getNewHttpClient(Unknown Source)
sun.net.www.protocol.http.HttpURLConnection.plainConnect(Unknown Source)
sun.net.www.protocol.http.HttpURLConnection.connect(Unknown Source)
sun.net.www.protocol.http.HttpURLConnection.getOutputStream(Unknown Source)
org.coocox.codb.common.util.URLConnUtil.doPut(URLConnUtil.java:147)
org.coocox.codb.client.core.api.impl.ObjectExtraApiImpl.extraChecked(ObjectExtraApiImpl.java:57)
org.coocox.component.internal.core.database.ComponentDBCmdHandler.countCheckedComponent(ComponentDBCmdHandler.java:133)
org.coocox.integrate.component.table.listeners.ComponentItemCheckListener$1.run(ComponentItemCheckListener.java:224)
org.eclipse.core.internal.jobs.Worker.run(Worker.java:54)


20:15:15.172 [Worker-18] ERROR org.coocox.codb.common.log.ErrorLog - extraChecked  api exception!Connection timed out: connect
Connection timed out: connect
java.net.PlainSocketImpl.socketConnect(Native Method)
java.net.PlainSocketImpl.doConnect(Unknown Source)
java.net.PlainSocketImpl.connectToAddress(Unknown Source)
java.net.PlainSocketImpl.connect(Unknown Source)
java.net.SocksSocketImpl.connect(Unknown Source)
java.net.Socket.connect(Unknown Source)
java.net.Socket.connect(Unknown Source)
sun.net.NetworkClient.doConnect(Unknown Source)
sun.net.www.http.HttpClient.openServer(Unknown Source)
sun.net.www.http.HttpClient.openServer(Unknown Source)
sun.net.www.http.HttpClient.<init>(Unknown Source)
sun.net.www.http.HttpClient.New(Unknown Source)
sun.net.www.http.HttpClient.New(Unknown Source)
sun.net.www.protocol.http.HttpURLConnection.getNewHttpClient(Unknown Source)
sun.net.www.protocol.http.HttpURLConnection.plainConnect(Unknown Source)
sun.net.www.protocol.http.HttpURLConnection.connect(Unknown Source)
sun.net.www.protocol.http.HttpURLConnection.getOutputStream(Unknown Source)
org.coocox.codb.common.util.URLConnUtil.doPut(URLConnUtil.java:147)
org.coocox.codb.client.core.api.impl.ObjectExtraApiImpl.extraChecked(ObjectExtraApiImpl.java:57)
org.coocox.component.internal.core.database.ComponentDBCmdHandler.countCheckedComponent(ComponentDBCmdHandler.java:133)
org.coocox.integrate.component.table.listeners.ComponentItemCheckListener$1.run(ComponentItemCheckListener.java:224)
org.eclipse.core.internal.jobs.Worker.run(Worker.java:54)


20:18:00.654 [Worker-28] ERROR org.coocox.codb.common.log.ErrorLog - extraChecked  api exception!Connection refused: connect
Connection refused: connect
java.net.PlainSocketImpl.socketConnect(Native Method)
java.net.PlainSocketImpl.doConnect(Unknown Source)
java.net.PlainSocketImpl.connectToAddress(Unknown Source)
java.net.PlainSocketImpl.connect(Unknown Source)
java.net.SocksSocketImpl.connect(Unknown Source)
java.net.Socket.connect(Unknown Source)
java.net.Socket.connect(Unknown Source)
sun.net.NetworkClient.doConnect(Unknown Source)
sun.net.www.http.HttpClient.openServer(Unknown Source)
sun.net.www.http.HttpClient.openServer(Unknown Source)
sun.net.www.http.HttpClient.<init>(Unknown Source)
sun.net.www.http.HttpClient.New(Unknown Source)
sun.net.www.http.HttpClient.New(Unknown Source)
sun.net.www.protocol.http.HttpURLConnection.getNewHttpClient(Unknown Source)
sun.net.www.protocol.http.HttpURLConnection.plainConnect(Unknown Source)
sun.net.www.protocol.http.HttpURLConnection.connect(Unknown Source)
sun.net.www.protocol.http.HttpURLConnection.getOutputStream(Unknown Source)
org.coocox.codb.common.util.URLConnUtil.doPut(URLConnUtil.java:147)
org.coocox.codb.client.core.api.impl.ObjectExtraApiImpl.extraChecked(ObjectExtraApiImpl.java:57)
org.coocox.component.internal.core.database.ComponentDBCmdHandler.countCheckedComponent(ComponentDBCmdHandler.java:133)
org.coocox.integrate.component.table.listeners.ComponentItemCheckListener$1.run(ComponentItemCheckListener.java:224)
org.eclipse.core.internal.jobs.Worker.run(Worker.java:54)


20:19:51.929 [Worker-28] ERROR org.coocox.codb.common.log.ErrorLog - extraChecked  api exception!Connection refused: connect
Connection refused: connect
java.net.PlainSocketImpl.socketConnect(Native Method)
java.net.PlainSocketImpl.doConnect(Unknown Source)
java.net.PlainSocketImpl.connectToAddress(Unknown Source)
java.net.PlainSocketImpl.connect(Unknown Source)
java.net.SocksSocketImpl.connect(Unknown Source)
java.net.Socket.connect(Unknown Source)
java.net.Socket.connect(Unknown Source)
sun.net.NetworkClient.doConnect(Unknown Source)
sun.net.www.http.HttpClient.openServer(Unknown Source)
sun.net.www.http.HttpClient.openServer(Unknown Source)
sun.net.www.http.HttpClient.<init>(Unknown Source)
sun.net.www.http.HttpClient.New(Unknown Source)
sun.net.www.http.HttpClient.New(Unknown Source)
sun.net.www.protocol.http.HttpURLConnection.getNewHttpClient(Unknown Source)
sun.net.www.protocol.http.HttpURLConnection.plainConnect(Unknown Source)
sun.net.www.protocol.http.HttpURLConnection.connect(Unknown Source)
sun.net.www.protocol.http.HttpURLConnection.getOutputStream(Unknown Source)
org.coocox.codb.common.util.URLConnUtil.doPut(URLConnUtil.java:147)
org.coocox.codb.client.core.api.impl.ObjectExtraApiImpl.extraChecked(ObjectExtraApiImpl.java:57)
org.coocox.component.internal.core.database.ComponentDBCmdHandler.countCheckedComponent(ComponentDBCmdHandler.java:133)
org.coocox.integrate.component.table.listeners.ComponentItemCheckListener$1.run(ComponentItemCheckListener.java:224)
org.eclipse.core.internal.jobs.Worker.run(Worker.java:54)


20:25:58.078 [Worker-5] ERROR org.coocox.codb.common.log.ErrorLog - extraChecked  api exception!Connection timed out: connect
Connection timed out: connect
java.net.PlainSocketImpl.socketConnect(Native Method)
java.net.PlainSocketImpl.doConnect(Unknown Source)
java.net.PlainSocketImpl.connectToAddress(Unknown Source)
java.net.PlainSocketImpl.connect(Unknown Source)
java.net.SocksSocketImpl.connect(Unknown Source)
java.net.Socket.connect(Unknown Source)
java.net.Socket.connect(Unknown Source)
sun.net.NetworkClient.doConnect(Unknown Source)
sun.net.www.http.HttpClient.openServer(Unknown Source)
sun.net.www.http.HttpClient.openServer(Unknown Source)
sun.net.www.http.HttpClient.<init>(Unknown Source)
sun.net.www.http.HttpClient.New(Unknown Source)
sun.net.www.http.HttpClient.New(Unknown Source)
sun.net.www.protocol.http.HttpURLConnection.getNewHttpClient(Unknown Source)
sun.net.www.protocol.http.HttpURLConnection.plainConnect(Unknown Source)
sun.net.www.protocol.http.HttpURLConnection.connect(Unknown Source)
sun.net.www.protocol.http.HttpURLConnection.getOutputStream(Unknown Source)
org.coocox.codb.common.util.URLConnUtil.doPut(URLConnUtil.java:147)
org.coocox.codb.client.core.api.impl.ObjectExtraApiImpl.extraChecked(ObjectExtraApiImpl.java:57)
org.coocox.component.internal.core.database.ComponentDBCmdHandler.countCheckedComponent(ComponentDBCmdHandler.java:133)
org.coocox.integrate.component.table.listeners.ComponentItemCheckListener$1.run(ComponentItemCheckListener.java:224)
org.eclipse.core.internal.jobs.Worker.run(Worker.java:54)


20:26:04.994 [Worker-0] ERROR org.coocox.codb.common.log.ErrorLog - extraChecked  api exception!Connection refused: connect
Connection refused: connect
java.net.PlainSocketImpl.socketConnect(Native Method)
java.net.PlainSocketImpl.doConnect(Unknown Source)
java.net.PlainSocketImpl.connectToAddress(Unknown Source)
java.net.PlainSocketImpl.connect(Unknown Source)
java.net.SocksSocketImpl.connect(Unknown Source)
java.net.Socket.connect(Unknown Source)
java.net.Socket.connect(Unknown Source)
sun.net.NetworkClient.doConnect(Unknown Source)
sun.net.www.http.HttpClient.openServer(Unknown Source)
sun.net.www.http.HttpClient.openServer(Unknown Source)
sun.net.www.http.HttpClient.<init>(Unknown Source)
sun.net.www.http.HttpClient.New(Unknown Source)
sun.net.www.http.HttpClient.New(Unknown Source)
sun.net.www.protocol.http.HttpURLConnection.getNewHttpClient(Unknown Source)
sun.net.www.protocol.http.HttpURLConnection.plainConnect(Unknown Source)
sun.net.www.protocol.http.HttpURLConnection.connect(Unknown Source)
sun.net.www.protocol.http.HttpURLConnection.getOutputStream(Unknown Source)
org.coocox.codb.common.util.URLConnUtil.doPut(URLConnUtil.java:147)
org.coocox.codb.client.core.api.impl.ObjectExtraApiImpl.extraChecked(ObjectExtraApiImpl.java:57)
org.coocox.component.internal.core.database.ComponentDBCmdHandler.countCheckedComponent(ComponentDBCmdHandler.java:133)
org.coocox.integrate.component.table.listeners.ComponentItemCheckListener$1.run(ComponentItemCheckListener.java:224)
org.eclipse.core.internal.jobs.Worker.run(Worker.java:54)


